<?xml version="1.0" encoding="UTF-8"?>
<testsuite xmlns:xsi="http://www.w3.org/2001/XMLSchema-instance" xsi:noNamespaceSchemaLocation="https://maven.apache.org/surefire/maven-surefire-plugin/xsd/surefire-test-report.xsd" name="com.hust.seckill.springbootseckill.SeckillApplicationTests" time="8.746" tests="1" errors="0" skipped="0" failures="0">
  <properties>
    <property name="sun.desktop" value="windows"/>
    <property name="awt.toolkit" value="sun.awt.windows.WToolkit"/>
    <property name="file.encoding.pkg" value="sun.io"/>
    <property name="java.specification.version" value="1.8"/>
    <property name="sun.cpu.isalist" value="amd64"/>
    <property name="sun.jnu.encoding" value="GBK"/>
    <property name="java.class.path" value="D:\software\java project\seckill\target\test-classes;D:\software\java project\seckill\target\classes;d:\hust\maven-repo\org\springframework\boot\spring-boot-starter-data-redis\2.6.4\spring-boot-starter-data-redis-2.6.4.jar;d:\hust\maven-repo\org\springframework\boot\spring-boot-starter\2.6.4\spring-boot-starter-2.6.4.jar;d:\hust\maven-repo\org\springframework\boot\spring-boot-starter-logging\2.6.4\spring-boot-starter-logging-2.6.4.jar;d:\hust\maven-repo\ch\qos\logback\logback-classic\1.2.10\logback-classic-1.2.10.jar;d:\hust\maven-repo\ch\qos\logback\logback-core\1.2.10\logback-core-1.2.10.jar;d:\hust\maven-repo\org\apache\logging\log4j\log4j-to-slf4j\2.17.1\log4j-to-slf4j-2.17.1.jar;d:\hust\maven-repo\org\apache\logging\log4j\log4j-api\2.17.1\log4j-api-2.17.1.jar;d:\hust\maven-repo\org\slf4j\jul-to-slf4j\1.7.36\jul-to-slf4j-1.7.36.jar;d:\hust\maven-repo\jakarta\annotation\jakarta.annotation-api\1.3.5\jakarta.annotation-api-1.3.5.jar;d:\hust\maven-repo\org\yaml\snakeyaml\1.29\snakeyaml-1.29.jar;d:\hust\maven-repo\org\springframework\data\spring-data-redis\2.6.2\spring-data-redis-2.6.2.jar;d:\hust\maven-repo\org\springframework\data\spring-data-keyvalue\2.6.2\spring-data-keyvalue-2.6.2.jar;d:\hust\maven-repo\org\springframework\data\spring-data-commons\2.6.2\spring-data-commons-2.6.2.jar;d:\hust\maven-repo\org\springframework\spring-tx\5.3.16\spring-tx-5.3.16.jar;d:\hust\maven-repo\org\springframework\spring-oxm\5.3.16\spring-oxm-5.3.16.jar;d:\hust\maven-repo\org\springframework\spring-aop\5.3.16\spring-aop-5.3.16.jar;d:\hust\maven-repo\org\springframework\spring-context-support\5.3.16\spring-context-support-5.3.16.jar;d:\hust\maven-repo\org\slf4j\slf4j-api\1.7.36\slf4j-api-1.7.36.jar;d:\hust\maven-repo\io\lettuce\lettuce-core\6.1.6.RELEASE\lettuce-core-6.1.6.RELEASE.jar;d:\hust\maven-repo\io\netty\netty-common\4.1.74.Final\netty-common-4.1.74.Final.jar;d:\hust\maven-repo\io\netty\netty-handler\4.1.74.Final\netty-handler-4.1.74.Final.jar;d:\hust\maven-repo\io\netty\netty-resolver\4.1.74.Final\netty-resolver-4.1.74.Final.jar;d:\hust\maven-repo\io\netty\netty-buffer\4.1.74.Final\netty-buffer-4.1.74.Final.jar;d:\hust\maven-repo\io\netty\netty-codec\4.1.74.Final\netty-codec-4.1.74.Final.jar;d:\hust\maven-repo\io\netty\netty-tcnative-classes\2.0.48.Final\netty-tcnative-classes-2.0.48.Final.jar;d:\hust\maven-repo\io\netty\netty-transport\4.1.74.Final\netty-transport-4.1.74.Final.jar;d:\hust\maven-repo\io\projectreactor\reactor-core\3.4.15\reactor-core-3.4.15.jar;d:\hust\maven-repo\org\reactivestreams\reactive-streams\1.0.3\reactive-streams-1.0.3.jar;d:\hust\maven-repo\org\springframework\session\spring-session-data-redis\2.6.2\spring-session-data-redis-2.6.2.jar;d:\hust\maven-repo\org\springframework\session\spring-session-core\2.6.2\spring-session-core-2.6.2.jar;d:\hust\maven-repo\org\springframework\spring-jcl\5.3.16\spring-jcl-5.3.16.jar;d:\hust\maven-repo\org\springframework\boot\spring-boot-starter-web\2.6.4\spring-boot-starter-web-2.6.4.jar;d:\hust\maven-repo\org\springframework\boot\spring-boot-starter-json\2.6.4\spring-boot-starter-json-2.6.4.jar;d:\hust\maven-repo\com\fasterxml\jackson\core\jackson-databind\2.13.1\jackson-databind-2.13.1.jar;d:\hust\maven-repo\com\fasterxml\jackson\core\jackson-annotations\2.13.1\jackson-annotations-2.13.1.jar;d:\hust\maven-repo\com\fasterxml\jackson\core\jackson-core\2.13.1\jackson-core-2.13.1.jar;d:\hust\maven-repo\com\fasterxml\jackson\datatype\jackson-datatype-jdk8\2.13.1\jackson-datatype-jdk8-2.13.1.jar;d:\hust\maven-repo\com\fasterxml\jackson\datatype\jackson-datatype-jsr310\2.13.1\jackson-datatype-jsr310-2.13.1.jar;d:\hust\maven-repo\com\fasterxml\jackson\module\jackson-module-parameter-names\2.13.1\jackson-module-parameter-names-2.13.1.jar;d:\hust\maven-repo\org\springframework\boot\spring-boot-starter-tomcat\2.6.4\spring-boot-starter-tomcat-2.6.4.jar;d:\hust\maven-repo\org\apache\tomcat\embed\tomcat-embed-core\9.0.58\tomcat-embed-core-9.0.58.jar;d:\hust\maven-repo\org\apache\tomcat\embed\tomcat-embed-el\9.0.58\tomcat-embed-el-9.0.58.jar;d:\hust\maven-repo\org\apache\tomcat\embed\tomcat-embed-websocket\9.0.58\tomcat-embed-websocket-9.0.58.jar;d:\hust\maven-repo\org\springframework\spring-web\5.3.16\spring-web-5.3.16.jar;d:\hust\maven-repo\org\springframework\spring-beans\5.3.16\spring-beans-5.3.16.jar;d:\hust\maven-repo\org\springframework\spring-webmvc\5.3.16\spring-webmvc-5.3.16.jar;d:\hust\maven-repo\org\springframework\spring-context\5.3.16\spring-context-5.3.16.jar;d:\hust\maven-repo\org\springframework\spring-expression\5.3.16\spring-expression-5.3.16.jar;d:\hust\maven-repo\org\mybatis\spring\boot\mybatis-spring-boot-starter\2.2.2\mybatis-spring-boot-starter-2.2.2.jar;d:\hust\maven-repo\org\springframework\boot\spring-boot-starter-jdbc\2.6.4\spring-boot-starter-jdbc-2.6.4.jar;d:\hust\maven-repo\com\zaxxer\HikariCP\4.0.3\HikariCP-4.0.3.jar;d:\hust\maven-repo\org\springframework\spring-jdbc\5.3.16\spring-jdbc-5.3.16.jar;d:\hust\maven-repo\org\mybatis\spring\boot\mybatis-spring-boot-autoconfigure\2.2.2\mybatis-spring-boot-autoconfigure-2.2.2.jar;d:\hust\maven-repo\org\mybatis\mybatis\3.5.9\mybatis-3.5.9.jar;d:\hust\maven-repo\org\mybatis\mybatis-spring\2.0.7\mybatis-spring-2.0.7.jar;d:\hust\maven-repo\mysql\mysql-connector-java\8.0.28\mysql-connector-java-8.0.28.jar;d:\hust\maven-repo\com\alibaba\druid\1.2.6\druid-1.2.6.jar;d:\hust\maven-repo\org\springframework\boot\spring-boot-devtools\2.6.4\spring-boot-devtools-2.6.4.jar;d:\hust\maven-repo\org\springframework\boot\spring-boot\2.6.4\spring-boot-2.6.4.jar;d:\hust\maven-repo\org\springframework\boot\spring-boot-autoconfigure\2.6.4\spring-boot-autoconfigure-2.6.4.jar;d:\hust\maven-repo\org\springframework\boot\spring-boot-configuration-processor\2.6.4\spring-boot-configuration-processor-2.6.4.jar;d:\hust\maven-repo\org\projectlombok\lombok\1.18.22\lombok-1.18.22.jar;d:\hust\maven-repo\org\springframework\boot\spring-boot-starter-test\2.6.4\spring-boot-starter-test-2.6.4.jar;d:\hust\maven-repo\org\springframework\boot\spring-boot-test\2.6.4\spring-boot-test-2.6.4.jar;d:\hust\maven-repo\org\springframework\boot\spring-boot-test-autoconfigure\2.6.4\spring-boot-test-autoconfigure-2.6.4.jar;d:\hust\maven-repo\com\jayway\jsonpath\json-path\2.6.0\json-path-2.6.0.jar;d:\hust\maven-repo\net\minidev\json-smart\2.4.8\json-smart-2.4.8.jar;d:\hust\maven-repo\net\minidev\accessors-smart\2.4.8\accessors-smart-2.4.8.jar;d:\hust\maven-repo\org\ow2\asm\asm\9.1\asm-9.1.jar;d:\hust\maven-repo\jakarta\xml\bind\jakarta.xml.bind-api\2.3.3\jakarta.xml.bind-api-2.3.3.jar;d:\hust\maven-repo\jakarta\activation\jakarta.activation-api\1.2.2\jakarta.activation-api-1.2.2.jar;d:\hust\maven-repo\org\assertj\assertj-core\3.21.0\assertj-core-3.21.0.jar;d:\hust\maven-repo\org\hamcrest\hamcrest\2.2\hamcrest-2.2.jar;d:\hust\maven-repo\org\junit\jupiter\junit-jupiter\5.8.2\junit-jupiter-5.8.2.jar;d:\hust\maven-repo\org\junit\jupiter\junit-jupiter-api\5.8.2\junit-jupiter-api-5.8.2.jar;d:\hust\maven-repo\org\opentest4j\opentest4j\1.2.0\opentest4j-1.2.0.jar;d:\hust\maven-repo\org\junit\platform\junit-platform-commons\1.8.2\junit-platform-commons-1.8.2.jar;d:\hust\maven-repo\org\apiguardian\apiguardian-api\1.1.2\apiguardian-api-1.1.2.jar;d:\hust\maven-repo\org\junit\jupiter\junit-jupiter-params\5.8.2\junit-jupiter-params-5.8.2.jar;d:\hust\maven-repo\org\junit\jupiter\junit-jupiter-engine\5.8.2\junit-jupiter-engine-5.8.2.jar;d:\hust\maven-repo\org\junit\platform\junit-platform-engine\1.8.2\junit-platform-engine-1.8.2.jar;d:\hust\maven-repo\org\mockito\mockito-core\4.0.0\mockito-core-4.0.0.jar;d:\hust\maven-repo\net\bytebuddy\byte-buddy\1.11.22\byte-buddy-1.11.22.jar;d:\hust\maven-repo\net\bytebuddy\byte-buddy-agent\1.11.22\byte-buddy-agent-1.11.22.jar;d:\hust\maven-repo\org\objenesis\objenesis\3.2\objenesis-3.2.jar;d:\hust\maven-repo\org\mockito\mockito-junit-jupiter\4.0.0\mockito-junit-jupiter-4.0.0.jar;d:\hust\maven-repo\org\skyscreamer\jsonassert\1.5.0\jsonassert-1.5.0.jar;d:\hust\maven-repo\com\vaadin\external\google\android-json\0.0.20131108.vaadin1\android-json-0.0.20131108.vaadin1.jar;d:\hust\maven-repo\org\springframework\spring-core\5.3.16\spring-core-5.3.16.jar;d:\hust\maven-repo\org\springframework\spring-test\5.3.16\spring-test-5.3.16.jar;d:\hust\maven-repo\org\xmlunit\xmlunit-core\2.8.4\xmlunit-core-2.8.4.jar;d:\hust\maven-repo\org\apache\commons\commons-lang3\3.7\commons-lang3-3.7.jar;d:\hust\maven-repo\org\hibernate\validator\hibernate-validator\6.0.13.Final\hibernate-validator-6.0.13.Final.jar;d:\hust\maven-repo\javax\validation\validation-api\2.0.1.Final\validation-api-2.0.1.Final.jar;d:\hust\maven-repo\org\jboss\logging\jboss-logging\3.4.3.Final\jboss-logging-3.4.3.Final.jar;d:\hust\maven-repo\com\fasterxml\classmate\1.5.1\classmate-1.5.1.jar;d:\hust\maven-repo\joda-time\joda-time\2.10.5\joda-time-2.10.5.jar;d:\hust\maven-repo\com\google\guava\guava\19.0\guava-19.0.jar;d:\hust\maven-repo\org\apache\rocketmq\rocketmq-client\4.6.0\rocketmq-client-4.6.0.jar;d:\hust\maven-repo\org\apache\rocketmq\rocketmq-common\4.6.0\rocketmq-common-4.6.0.jar;d:\hust\maven-repo\org\apache\rocketmq\rocketmq-remoting\4.6.0\rocketmq-remoting-4.6.0.jar;d:\hust\maven-repo\com\alibaba\fastjson\1.2.61\fastjson-1.2.61.jar;d:\hust\maven-repo\io\netty\netty-all\4.1.74.Final\netty-all-4.1.74.Final.jar;d:\hust\maven-repo\io\netty\netty-codec-dns\4.1.74.Final\netty-codec-dns-4.1.74.Final.jar;d:\hust\maven-repo\io\netty\netty-codec-haproxy\4.1.74.Final\netty-codec-haproxy-4.1.74.Final.jar;d:\hust\maven-repo\io\netty\netty-codec-http\4.1.74.Final\netty-codec-http-4.1.74.Final.jar;d:\hust\maven-repo\io\netty\netty-codec-http2\4.1.74.Final\netty-codec-http2-4.1.74.Final.jar;d:\hust\maven-repo\io\netty\netty-codec-memcache\4.1.74.Final\netty-codec-memcache-4.1.74.Final.jar;d:\hust\maven-repo\io\netty\netty-codec-mqtt\4.1.74.Final\netty-codec-mqtt-4.1.74.Final.jar;d:\hust\maven-repo\io\netty\netty-codec-redis\4.1.74.Final\netty-codec-redis-4.1.74.Final.jar;d:\hust\maven-repo\io\netty\netty-codec-smtp\4.1.74.Final\netty-codec-smtp-4.1.74.Final.jar;d:\hust\maven-repo\io\netty\netty-codec-socks\4.1.74.Final\netty-codec-socks-4.1.74.Final.jar;d:\hust\maven-repo\io\netty\netty-codec-stomp\4.1.74.Final\netty-codec-stomp-4.1.74.Final.jar;d:\hust\maven-repo\io\netty\netty-codec-xml\4.1.74.Final\netty-codec-xml-4.1.74.Final.jar;d:\hust\maven-repo\io\netty\netty-handler-proxy\4.1.74.Final\netty-handler-proxy-4.1.74.Final.jar;d:\hust\maven-repo\io\netty\netty-resolver-dns\4.1.74.Final\netty-resolver-dns-4.1.74.Final.jar;d:\hust\maven-repo\io\netty\netty-transport-rxtx\4.1.74.Final\netty-transport-rxtx-4.1.74.Final.jar;d:\hust\maven-repo\io\netty\netty-transport-sctp\4.1.74.Final\netty-transport-sctp-4.1.74.Final.jar;d:\hust\maven-repo\io\netty\netty-transport-udt\4.1.74.Final\netty-transport-udt-4.1.74.Final.jar;d:\hust\maven-repo\io\netty\netty-transport-classes-epoll\4.1.74.Final\netty-transport-classes-epoll-4.1.74.Final.jar;d:\hust\maven-repo\io\netty\netty-transport-native-unix-common\4.1.74.Final\netty-transport-native-unix-common-4.1.74.Final.jar;d:\hust\maven-repo\io\netty\netty-transport-classes-kqueue\4.1.74.Final\netty-transport-classes-kqueue-4.1.74.Final.jar;d:\hust\maven-repo\io\netty\netty-resolver-dns-classes-macos\4.1.74.Final\netty-resolver-dns-classes-macos-4.1.74.Final.jar;d:\hust\maven-repo\io\netty\netty-transport-native-epoll\4.1.74.Final\netty-transport-native-epoll-4.1.74.Final-linux-x86_64.jar;d:\hust\maven-repo\io\netty\netty-transport-native-epoll\4.1.74.Final\netty-transport-native-epoll-4.1.74.Final-linux-aarch_64.jar;d:\hust\maven-repo\io\netty\netty-transport-native-kqueue\4.1.74.Final\netty-transport-native-kqueue-4.1.74.Final-osx-x86_64.jar;d:\hust\maven-repo\io\netty\netty-transport-native-kqueue\4.1.74.Final\netty-transport-native-kqueue-4.1.74.Final-osx-aarch_64.jar;d:\hust\maven-repo\io\netty\netty-resolver-dns-native-macos\4.1.74.Final\netty-resolver-dns-native-macos-4.1.74.Final-osx-x86_64.jar;d:\hust\maven-repo\io\netty\netty-resolver-dns-native-macos\4.1.74.Final\netty-resolver-dns-native-macos-4.1.74.Final-osx-aarch_64.jar;d:\hust\maven-repo\org\apache\rocketmq\rocketmq-logging\4.6.0\rocketmq-logging-4.6.0.jar;d:\hust\maven-repo\io\netty\netty-tcnative-boringssl-static\2.0.50.Final\netty-tcnative-boringssl-static-2.0.50.Final.jar;d:\hust\maven-repo\io\netty\netty-tcnative-boringssl-static\2.0.48.Final\netty-tcnative-boringssl-static-2.0.48.Final-linux-x86_64.jar;d:\hust\maven-repo\io\netty\netty-tcnative-boringssl-static\2.0.48.Final\netty-tcnative-boringssl-static-2.0.48.Final-linux-aarch_64.jar;d:\hust\maven-repo\io\netty\netty-tcnative-boringssl-static\2.0.48.Final\netty-tcnative-boringssl-static-2.0.48.Final-osx-x86_64.jar;d:\hust\maven-repo\io\netty\netty-tcnative-boringssl-static\2.0.48.Final\netty-tcnative-boringssl-static-2.0.48.Final-osx-aarch_64.jar;d:\hust\maven-repo\io\netty\netty-tcnative-boringssl-static\2.0.48.Final\netty-tcnative-boringssl-static-2.0.48.Final-windows-x86_64.jar;d:\hust\maven-repo\commons-validator\commons-validator\1.6\commons-validator-1.6.jar;d:\hust\maven-repo\commons-beanutils\commons-beanutils\1.9.2\commons-beanutils-1.9.2.jar;d:\hust\maven-repo\commons-digester\commons-digester\1.8.1\commons-digester-1.8.1.jar;d:\hust\maven-repo\commons-logging\commons-logging\1.2\commons-logging-1.2.jar;d:\hust\maven-repo\commons-collections\commons-collections\3.2.2\commons-collections-3.2.2.jar;"/>
    <property name="java.vm.vendor" value="Amazon.com Inc."/>
    <property name="sun.arch.data.model" value="64"/>
    <property name="user.variant" value=""/>
    <property name="java.vendor.url" value="https://aws.amazon.com/corretto/"/>
    <property name="user.timezone" value="Asia/Shanghai"/>
    <property name="java.vm.specification.version" value="1.8"/>
    <property name="os.name" value="Windows 11"/>
    <property name="user.country" value="CN"/>
    <property name="sun.java.launcher" value="SUN_STANDARD"/>
    <property name="sun.boot.library.path" value="C:\Users\14434\.jdks\corretto-1.8.0_342\jre\bin"/>
    <property name="sun.java.command" value="C:\Users\14434\AppData\Local\Temp\surefire321463640717518145\surefirebooter4839936937946220182.jar C:\Users\14434\AppData\Local\Temp\surefire321463640717518145 2023-02-10T21-44-22_512-jvmRun1 surefire1105840714075616260tmp surefire_0832722518226666079tmp"/>
    <property name="surefire.test.class.path" value="D:\software\java project\seckill\target\test-classes;D:\software\java project\seckill\target\classes;d:\hust\maven-repo\org\springframework\boot\spring-boot-starter-data-redis\2.6.4\spring-boot-starter-data-redis-2.6.4.jar;d:\hust\maven-repo\org\springframework\boot\spring-boot-starter\2.6.4\spring-boot-starter-2.6.4.jar;d:\hust\maven-repo\org\springframework\boot\spring-boot-starter-logging\2.6.4\spring-boot-starter-logging-2.6.4.jar;d:\hust\maven-repo\ch\qos\logback\logback-classic\1.2.10\logback-classic-1.2.10.jar;d:\hust\maven-repo\ch\qos\logback\logback-core\1.2.10\logback-core-1.2.10.jar;d:\hust\maven-repo\org\apache\logging\log4j\log4j-to-slf4j\2.17.1\log4j-to-slf4j-2.17.1.jar;d:\hust\maven-repo\org\apache\logging\log4j\log4j-api\2.17.1\log4j-api-2.17.1.jar;d:\hust\maven-repo\org\slf4j\jul-to-slf4j\1.7.36\jul-to-slf4j-1.7.36.jar;d:\hust\maven-repo\jakarta\annotation\jakarta.annotation-api\1.3.5\jakarta.annotation-api-1.3.5.jar;d:\hust\maven-repo\org\yaml\snakeyaml\1.29\snakeyaml-1.29.jar;d:\hust\maven-repo\org\springframework\data\spring-data-redis\2.6.2\spring-data-redis-2.6.2.jar;d:\hust\maven-repo\org\springframework\data\spring-data-keyvalue\2.6.2\spring-data-keyvalue-2.6.2.jar;d:\hust\maven-repo\org\springframework\data\spring-data-commons\2.6.2\spring-data-commons-2.6.2.jar;d:\hust\maven-repo\org\springframework\spring-tx\5.3.16\spring-tx-5.3.16.jar;d:\hust\maven-repo\org\springframework\spring-oxm\5.3.16\spring-oxm-5.3.16.jar;d:\hust\maven-repo\org\springframework\spring-aop\5.3.16\spring-aop-5.3.16.jar;d:\hust\maven-repo\org\springframework\spring-context-support\5.3.16\spring-context-support-5.3.16.jar;d:\hust\maven-repo\org\slf4j\slf4j-api\1.7.36\slf4j-api-1.7.36.jar;d:\hust\maven-repo\io\lettuce\lettuce-core\6.1.6.RELEASE\lettuce-core-6.1.6.RELEASE.jar;d:\hust\maven-repo\io\netty\netty-common\4.1.74.Final\netty-common-4.1.74.Final.jar;d:\hust\maven-repo\io\netty\netty-handler\4.1.74.Final\netty-handler-4.1.74.Final.jar;d:\hust\maven-repo\io\netty\netty-resolver\4.1.74.Final\netty-resolver-4.1.74.Final.jar;d:\hust\maven-repo\io\netty\netty-buffer\4.1.74.Final\netty-buffer-4.1.74.Final.jar;d:\hust\maven-repo\io\netty\netty-codec\4.1.74.Final\netty-codec-4.1.74.Final.jar;d:\hust\maven-repo\io\netty\netty-tcnative-classes\2.0.48.Final\netty-tcnative-classes-2.0.48.Final.jar;d:\hust\maven-repo\io\netty\netty-transport\4.1.74.Final\netty-transport-4.1.74.Final.jar;d:\hust\maven-repo\io\projectreactor\reactor-core\3.4.15\reactor-core-3.4.15.jar;d:\hust\maven-repo\org\reactivestreams\reactive-streams\1.0.3\reactive-streams-1.0.3.jar;d:\hust\maven-repo\org\springframework\session\spring-session-data-redis\2.6.2\spring-session-data-redis-2.6.2.jar;d:\hust\maven-repo\org\springframework\session\spring-session-core\2.6.2\spring-session-core-2.6.2.jar;d:\hust\maven-repo\org\springframework\spring-jcl\5.3.16\spring-jcl-5.3.16.jar;d:\hust\maven-repo\org\springframework\boot\spring-boot-starter-web\2.6.4\spring-boot-starter-web-2.6.4.jar;d:\hust\maven-repo\org\springframework\boot\spring-boot-starter-json\2.6.4\spring-boot-starter-json-2.6.4.jar;d:\hust\maven-repo\com\fasterxml\jackson\core\jackson-databind\2.13.1\jackson-databind-2.13.1.jar;d:\hust\maven-repo\com\fasterxml\jackson\core\jackson-annotations\2.13.1\jackson-annotations-2.13.1.jar;d:\hust\maven-repo\com\fasterxml\jackson\core\jackson-core\2.13.1\jackson-core-2.13.1.jar;d:\hust\maven-repo\com\fasterxml\jackson\datatype\jackson-datatype-jdk8\2.13.1\jackson-datatype-jdk8-2.13.1.jar;d:\hust\maven-repo\com\fasterxml\jackson\datatype\jackson-datatype-jsr310\2.13.1\jackson-datatype-jsr310-2.13.1.jar;d:\hust\maven-repo\com\fasterxml\jackson\module\jackson-module-parameter-names\2.13.1\jackson-module-parameter-names-2.13.1.jar;d:\hust\maven-repo\org\springframework\boot\spring-boot-starter-tomcat\2.6.4\spring-boot-starter-tomcat-2.6.4.jar;d:\hust\maven-repo\org\apache\tomcat\embed\tomcat-embed-core\9.0.58\tomcat-embed-core-9.0.58.jar;d:\hust\maven-repo\org\apache\tomcat\embed\tomcat-embed-el\9.0.58\tomcat-embed-el-9.0.58.jar;d:\hust\maven-repo\org\apache\tomcat\embed\tomcat-embed-websocket\9.0.58\tomcat-embed-websocket-9.0.58.jar;d:\hust\maven-repo\org\springframework\spring-web\5.3.16\spring-web-5.3.16.jar;d:\hust\maven-repo\org\springframework\spring-beans\5.3.16\spring-beans-5.3.16.jar;d:\hust\maven-repo\org\springframework\spring-webmvc\5.3.16\spring-webmvc-5.3.16.jar;d:\hust\maven-repo\org\springframework\spring-context\5.3.16\spring-context-5.3.16.jar;d:\hust\maven-repo\org\springframework\spring-expression\5.3.16\spring-expression-5.3.16.jar;d:\hust\maven-repo\org\mybatis\spring\boot\mybatis-spring-boot-starter\2.2.2\mybatis-spring-boot-starter-2.2.2.jar;d:\hust\maven-repo\org\springframework\boot\spring-boot-starter-jdbc\2.6.4\spring-boot-starter-jdbc-2.6.4.jar;d:\hust\maven-repo\com\zaxxer\HikariCP\4.0.3\HikariCP-4.0.3.jar;d:\hust\maven-repo\org\springframework\spring-jdbc\5.3.16\spring-jdbc-5.3.16.jar;d:\hust\maven-repo\org\mybatis\spring\boot\mybatis-spring-boot-autoconfigure\2.2.2\mybatis-spring-boot-autoconfigure-2.2.2.jar;d:\hust\maven-repo\org\mybatis\mybatis\3.5.9\mybatis-3.5.9.jar;d:\hust\maven-repo\org\mybatis\mybatis-spring\2.0.7\mybatis-spring-2.0.7.jar;d:\hust\maven-repo\mysql\mysql-connector-java\8.0.28\mysql-connector-java-8.0.28.jar;d:\hust\maven-repo\com\alibaba\druid\1.2.6\druid-1.2.6.jar;d:\hust\maven-repo\org\springframework\boot\spring-boot-devtools\2.6.4\spring-boot-devtools-2.6.4.jar;d:\hust\maven-repo\org\springframework\boot\spring-boot\2.6.4\spring-boot-2.6.4.jar;d:\hust\maven-repo\org\springframework\boot\spring-boot-autoconfigure\2.6.4\spring-boot-autoconfigure-2.6.4.jar;d:\hust\maven-repo\org\springframework\boot\spring-boot-configuration-processor\2.6.4\spring-boot-configuration-processor-2.6.4.jar;d:\hust\maven-repo\org\projectlombok\lombok\1.18.22\lombok-1.18.22.jar;d:\hust\maven-repo\org\springframework\boot\spring-boot-starter-test\2.6.4\spring-boot-starter-test-2.6.4.jar;d:\hust\maven-repo\org\springframework\boot\spring-boot-test\2.6.4\spring-boot-test-2.6.4.jar;d:\hust\maven-repo\org\springframework\boot\spring-boot-test-autoconfigure\2.6.4\spring-boot-test-autoconfigure-2.6.4.jar;d:\hust\maven-repo\com\jayway\jsonpath\json-path\2.6.0\json-path-2.6.0.jar;d:\hust\maven-repo\net\minidev\json-smart\2.4.8\json-smart-2.4.8.jar;d:\hust\maven-repo\net\minidev\accessors-smart\2.4.8\accessors-smart-2.4.8.jar;d:\hust\maven-repo\org\ow2\asm\asm\9.1\asm-9.1.jar;d:\hust\maven-repo\jakarta\xml\bind\jakarta.xml.bind-api\2.3.3\jakarta.xml.bind-api-2.3.3.jar;d:\hust\maven-repo\jakarta\activation\jakarta.activation-api\1.2.2\jakarta.activation-api-1.2.2.jar;d:\hust\maven-repo\org\assertj\assertj-core\3.21.0\assertj-core-3.21.0.jar;d:\hust\maven-repo\org\hamcrest\hamcrest\2.2\hamcrest-2.2.jar;d:\hust\maven-repo\org\junit\jupiter\junit-jupiter\5.8.2\junit-jupiter-5.8.2.jar;d:\hust\maven-repo\org\junit\jupiter\junit-jupiter-api\5.8.2\junit-jupiter-api-5.8.2.jar;d:\hust\maven-repo\org\opentest4j\opentest4j\1.2.0\opentest4j-1.2.0.jar;d:\hust\maven-repo\org\junit\platform\junit-platform-commons\1.8.2\junit-platform-commons-1.8.2.jar;d:\hust\maven-repo\org\apiguardian\apiguardian-api\1.1.2\apiguardian-api-1.1.2.jar;d:\hust\maven-repo\org\junit\jupiter\junit-jupiter-params\5.8.2\junit-jupiter-params-5.8.2.jar;d:\hust\maven-repo\org\junit\jupiter\junit-jupiter-engine\5.8.2\junit-jupiter-engine-5.8.2.jar;d:\hust\maven-repo\org\junit\platform\junit-platform-engine\1.8.2\junit-platform-engine-1.8.2.jar;d:\hust\maven-repo\org\mockito\mockito-core\4.0.0\mockito-core-4.0.0.jar;d:\hust\maven-repo\net\bytebuddy\byte-buddy\1.11.22\byte-buddy-1.11.22.jar;d:\hust\maven-repo\net\bytebuddy\byte-buddy-agent\1.11.22\byte-buddy-agent-1.11.22.jar;d:\hust\maven-repo\org\objenesis\objenesis\3.2\objenesis-3.2.jar;d:\hust\maven-repo\org\mockito\mockito-junit-jupiter\4.0.0\mockito-junit-jupiter-4.0.0.jar;d:\hust\maven-repo\org\skyscreamer\jsonassert\1.5.0\jsonassert-1.5.0.jar;d:\hust\maven-repo\com\vaadin\external\google\android-json\0.0.20131108.vaadin1\android-json-0.0.20131108.vaadin1.jar;d:\hust\maven-repo\org\springframework\spring-core\5.3.16\spring-core-5.3.16.jar;d:\hust\maven-repo\org\springframework\spring-test\5.3.16\spring-test-5.3.16.jar;d:\hust\maven-repo\org\xmlunit\xmlunit-core\2.8.4\xmlunit-core-2.8.4.jar;d:\hust\maven-repo\org\apache\commons\commons-lang3\3.7\commons-lang3-3.7.jar;d:\hust\maven-repo\org\hibernate\validator\hibernate-validator\6.0.13.Final\hibernate-validator-6.0.13.Final.jar;d:\hust\maven-repo\javax\validation\validation-api\2.0.1.Final\validation-api-2.0.1.Final.jar;d:\hust\maven-repo\org\jboss\logging\jboss-logging\3.4.3.Final\jboss-logging-3.4.3.Final.jar;d:\hust\maven-repo\com\fasterxml\classmate\1.5.1\classmate-1.5.1.jar;d:\hust\maven-repo\joda-time\joda-time\2.10.5\joda-time-2.10.5.jar;d:\hust\maven-repo\com\google\guava\guava\19.0\guava-19.0.jar;d:\hust\maven-repo\org\apache\rocketmq\rocketmq-client\4.6.0\rocketmq-client-4.6.0.jar;d:\hust\maven-repo\org\apache\rocketmq\rocketmq-common\4.6.0\rocketmq-common-4.6.0.jar;d:\hust\maven-repo\org\apache\rocketmq\rocketmq-remoting\4.6.0\rocketmq-remoting-4.6.0.jar;d:\hust\maven-repo\com\alibaba\fastjson\1.2.61\fastjson-1.2.61.jar;d:\hust\maven-repo\io\netty\netty-all\4.1.74.Final\netty-all-4.1.74.Final.jar;d:\hust\maven-repo\io\netty\netty-codec-dns\4.1.74.Final\netty-codec-dns-4.1.74.Final.jar;d:\hust\maven-repo\io\netty\netty-codec-haproxy\4.1.74.Final\netty-codec-haproxy-4.1.74.Final.jar;d:\hust\maven-repo\io\netty\netty-codec-http\4.1.74.Final\netty-codec-http-4.1.74.Final.jar;d:\hust\maven-repo\io\netty\netty-codec-http2\4.1.74.Final\netty-codec-http2-4.1.74.Final.jar;d:\hust\maven-repo\io\netty\netty-codec-memcache\4.1.74.Final\netty-codec-memcache-4.1.74.Final.jar;d:\hust\maven-repo\io\netty\netty-codec-mqtt\4.1.74.Final\netty-codec-mqtt-4.1.74.Final.jar;d:\hust\maven-repo\io\netty\netty-codec-redis\4.1.74.Final\netty-codec-redis-4.1.74.Final.jar;d:\hust\maven-repo\io\netty\netty-codec-smtp\4.1.74.Final\netty-codec-smtp-4.1.74.Final.jar;d:\hust\maven-repo\io\netty\netty-codec-socks\4.1.74.Final\netty-codec-socks-4.1.74.Final.jar;d:\hust\maven-repo\io\netty\netty-codec-stomp\4.1.74.Final\netty-codec-stomp-4.1.74.Final.jar;d:\hust\maven-repo\io\netty\netty-codec-xml\4.1.74.Final\netty-codec-xml-4.1.74.Final.jar;d:\hust\maven-repo\io\netty\netty-handler-proxy\4.1.74.Final\netty-handler-proxy-4.1.74.Final.jar;d:\hust\maven-repo\io\netty\netty-resolver-dns\4.1.74.Final\netty-resolver-dns-4.1.74.Final.jar;d:\hust\maven-repo\io\netty\netty-transport-rxtx\4.1.74.Final\netty-transport-rxtx-4.1.74.Final.jar;d:\hust\maven-repo\io\netty\netty-transport-sctp\4.1.74.Final\netty-transport-sctp-4.1.74.Final.jar;d:\hust\maven-repo\io\netty\netty-transport-udt\4.1.74.Final\netty-transport-udt-4.1.74.Final.jar;d:\hust\maven-repo\io\netty\netty-transport-classes-epoll\4.1.74.Final\netty-transport-classes-epoll-4.1.74.Final.jar;d:\hust\maven-repo\io\netty\netty-transport-native-unix-common\4.1.74.Final\netty-transport-native-unix-common-4.1.74.Final.jar;d:\hust\maven-repo\io\netty\netty-transport-classes-kqueue\4.1.74.Final\netty-transport-classes-kqueue-4.1.74.Final.jar;d:\hust\maven-repo\io\netty\netty-resolver-dns-classes-macos\4.1.74.Final\netty-resolver-dns-classes-macos-4.1.74.Final.jar;d:\hust\maven-repo\io\netty\netty-transport-native-epoll\4.1.74.Final\netty-transport-native-epoll-4.1.74.Final-linux-x86_64.jar;d:\hust\maven-repo\io\netty\netty-transport-native-epoll\4.1.74.Final\netty-transport-native-epoll-4.1.74.Final-linux-aarch_64.jar;d:\hust\maven-repo\io\netty\netty-transport-native-kqueue\4.1.74.Final\netty-transport-native-kqueue-4.1.74.Final-osx-x86_64.jar;d:\hust\maven-repo\io\netty\netty-transport-native-kqueue\4.1.74.Final\netty-transport-native-kqueue-4.1.74.Final-osx-aarch_64.jar;d:\hust\maven-repo\io\netty\netty-resolver-dns-native-macos\4.1.74.Final\netty-resolver-dns-native-macos-4.1.74.Final-osx-x86_64.jar;d:\hust\maven-repo\io\netty\netty-resolver-dns-native-macos\4.1.74.Final\netty-resolver-dns-native-macos-4.1.74.Final-osx-aarch_64.jar;d:\hust\maven-repo\org\apache\rocketmq\rocketmq-logging\4.6.0\rocketmq-logging-4.6.0.jar;d:\hust\maven-repo\io\netty\netty-tcnative-boringssl-static\2.0.50.Final\netty-tcnative-boringssl-static-2.0.50.Final.jar;d:\hust\maven-repo\io\netty\netty-tcnative-boringssl-static\2.0.48.Final\netty-tcnative-boringssl-static-2.0.48.Final-linux-x86_64.jar;d:\hust\maven-repo\io\netty\netty-tcnative-boringssl-static\2.0.48.Final\netty-tcnative-boringssl-static-2.0.48.Final-linux-aarch_64.jar;d:\hust\maven-repo\io\netty\netty-tcnative-boringssl-static\2.0.48.Final\netty-tcnative-boringssl-static-2.0.48.Final-osx-x86_64.jar;d:\hust\maven-repo\io\netty\netty-tcnative-boringssl-static\2.0.48.Final\netty-tcnative-boringssl-static-2.0.48.Final-osx-aarch_64.jar;d:\hust\maven-repo\io\netty\netty-tcnative-boringssl-static\2.0.48.Final\netty-tcnative-boringssl-static-2.0.48.Final-windows-x86_64.jar;d:\hust\maven-repo\commons-validator\commons-validator\1.6\commons-validator-1.6.jar;d:\hust\maven-repo\commons-beanutils\commons-beanutils\1.9.2\commons-beanutils-1.9.2.jar;d:\hust\maven-repo\commons-digester\commons-digester\1.8.1\commons-digester-1.8.1.jar;d:\hust\maven-repo\commons-logging\commons-logging\1.2\commons-logging-1.2.jar;d:\hust\maven-repo\commons-collections\commons-collections\3.2.2\commons-collections-3.2.2.jar;"/>
    <property name="sun.cpu.endian" value="little"/>
    <property name="user.home" value="C:\Users\14434"/>
    <property name="user.language" value="zh"/>
    <property name="java.specification.vendor" value="Oracle Corporation"/>
    <property name="java.home" value="C:\Users\14434\.jdks\corretto-1.8.0_342\jre"/>
    <property name="basedir" value="D:\software\java project\seckill"/>
    <property name="file.separator" value="\"/>
    <property name="line.separator" value="&#10;"/>
    <property name="java.vm.specification.vendor" value="Oracle Corporation"/>
    <property name="java.specification.name" value="Java Platform API Specification"/>
    <property name="java.awt.graphicsenv" value="sun.awt.Win32GraphicsEnvironment"/>
    <property name="surefire.real.class.path" value="C:\Users\14434\AppData\Local\Temp\surefire321463640717518145\surefirebooter4839936937946220182.jar"/>
    <property name="sun.boot.class.path" value="C:\Users\14434\.jdks\corretto-1.8.0_342\jre\lib\resources.jar;C:\Users\14434\.jdks\corretto-1.8.0_342\jre\lib\rt.jar;C:\Users\14434\.jdks\corretto-1.8.0_342\jre\lib\sunrsasign.jar;C:\Users\14434\.jdks\corretto-1.8.0_342\jre\lib\jsse.jar;C:\Users\14434\.jdks\corretto-1.8.0_342\jre\lib\jce.jar;C:\Users\14434\.jdks\corretto-1.8.0_342\jre\lib\charsets.jar;C:\Users\14434\.jdks\corretto-1.8.0_342\jre\lib\jfr.jar;C:\Users\14434\.jdks\corretto-1.8.0_342\jre\classes"/>
    <property name="user.script" value=""/>
    <property name="sun.management.compiler" value="HotSpot 64-Bit Tiered Compilers"/>
    <property name="java.runtime.version" value="1.8.0_342-b07"/>
    <property name="user.name" value="14434"/>
    <property name="path.separator" value=";"/>
    <property name="os.version" value="10.0"/>
    <property name="java.endorsed.dirs" value="C:\Users\14434\.jdks\corretto-1.8.0_342\jre\lib\endorsed"/>
    <property name="java.runtime.name" value="OpenJDK Runtime Environment"/>
    <property name="file.encoding" value="GBK"/>
    <property name="java.vm.name" value="OpenJDK 64-Bit Server VM"/>
    <property name="localRepository" value="d:\hust\maven-repo"/>
    <property name="java.vendor.url.bug" value="https://github.com/corretto/corretto-8/issues/"/>
    <property name="java.io.tmpdir" value="C:\Users\14434\AppData\Local\Temp\"/>
    <property name="idea.version" value="2021.1.3"/>
    <property name="java.version" value="1.8.0_342"/>
    <property name="user.dir" value="D:\software\java project\seckill"/>
    <property name="os.arch" value="amd64"/>
    <property name="java.vm.specification.name" value="Java Virtual Machine Specification"/>
    <property name="java.awt.printerjob" value="sun.awt.windows.WPrinterJob"/>
    <property name="sun.os.patch.level" value=""/>
    <property name="java.library.path" value="C:\Users\14434\.jdks\corretto-1.8.0_342\jre\bin;C:\WINDOWS\Sun\Java\bin;C:\WINDOWS\system32;C:\WINDOWS;D:\software\VMware\bin\;C:\WINDOWS\system32;C:\WINDOWS;C:\WINDOWS\System32\Wbem;C:\WINDOWS\System32\WindowsPowerShell\v1.0\;C:\WINDOWS\System32\OpenSSH\;D:\software\Mysql\bin;C:\Users\14434\.jdks\corretto-1.8.0_342\bin;C:\Users\14434\.jdks\corretto-1.8.0_342\jre\bin;D:\software\xshell\;D:\software\xftp\;D:\software\qt\5.15.2\msvc2019_64\bin;D:\software\vtk_debug\bin;C:\Users\14434\AppData\Local\Microsoft\WindowsApps;;D:\software\vs code\Microsoft VS Code\bin;D:\software\cmake\bin;D:\software\GoLand 2021.1.3\bin;;."/>
    <property name="java.vm.info" value="mixed mode"/>
    <property name="java.vendor" value="Amazon.com Inc."/>
    <property name="java.vm.version" value="25.342-b07"/>
    <property name="java.ext.dirs" value="C:\Users\14434\.jdks\corretto-1.8.0_342\jre\lib\ext;C:\WINDOWS\Sun\Java\lib\ext"/>
    <property name="sun.io.unicode.encoding" value="UnicodeLittle"/>
    <property name="java.class.version" value="52.0"/>
  </properties>
  <testcase name="contextLoads" classname="com.hust.seckill.springbootseckill.SeckillApplicationTests" time="0.243"/>
</testsuite>